{"/Users/caoy/Documents/project/my-npm/babel-plugin-transform-es2015-modules-nej/index.js":{"path":"/Users/caoy/Documents/project/my-npm/babel-plugin-transform-es2015-modules-nej/index.js","s":{"1":1,"2":1,"3":1,"4":1,"5":1,"6":1,"7":1,"8":4,"9":4,"10":4,"11":1,"12":3,"13":1,"14":8,"15":8,"16":1,"17":7,"18":8,"19":8,"20":0,"21":0,"22":0,"23":8,"24":8,"25":8,"26":1,"27":7,"28":1,"29":8,"30":8,"31":2,"32":8,"33":1,"34":8,"35":1,"36":8,"37":1,"38":18,"39":18,"40":0,"41":18,"42":18,"43":18,"44":2,"45":16,"46":1,"47":5,"48":0,"49":0,"50":5,"51":18,"52":2,"53":2,"54":5,"55":2,"56":3,"57":3,"58":3,"59":15,"60":8,"61":8,"62":7,"63":8,"64":8,"65":7,"66":2,"67":1,"68":2,"69":1,"70":1,"71":4,"72":5,"73":3,"74":3,"75":1,"76":3,"77":0,"78":3,"79":1,"80":3,"81":3,"82":15,"83":3},"b":{"1":[1,7],"2":[0,8],"3":[7,6],"4":[2,6],"5":[1,7],"6":[1,7],"7":[0,18],"8":[2,16],"9":[18,2],"10":[2,2],"11":[0,5],"12":[2,16],"13":[2,3],"14":[8,7],"15":[7,1],"16":[8,0],"17":[2,5],"18":[1,1],"19":[1,1],"20":[3,0],"21":[3,2,1],"22":[1,2],"23":[0,3],"24":[1,2]},"f":{"1":1,"2":1,"3":4,"4":3,"5":8,"6":7,"7":8,"8":18,"9":5,"10":5},"fnMap":{"1":{"name":"(anonymous_1)","line":3,"loc":{"start":{"line":3,"column":17},"end":{"line":3,"column":34}}},"2":{"name":"(anonymous_2)","line":13,"loc":{"start":{"line":13,"column":19},"end":{"line":13,"column":42}}},"3":{"name":"(anonymous_3)","line":17,"loc":{"start":{"line":17,"column":16},"end":{"line":17,"column":37}}},"4":{"name":"(anonymous_4)","line":28,"loc":{"start":{"line":28,"column":19},"end":{"line":28,"column":52}}},"5":{"name":"(anonymous_5)","line":39,"loc":{"start":{"line":39,"column":22},"end":{"line":39,"column":43}}},"6":{"name":"(anonymous_6)","line":68,"loc":{"start":{"line":68,"column":15},"end":{"line":68,"column":36}}},"7":{"name":"(anonymous_7)","line":72,"loc":{"start":{"line":72,"column":16},"end":{"line":72,"column":31}}},"8":{"name":"(anonymous_8)","line":87,"loc":{"start":{"line":87,"column":19},"end":{"line":87,"column":34}}},"9":{"name":"enter","line":105,"loc":{"start":{"line":105,"column":23},"end":{"line":105,"column":44}}},"10":{"name":"exit","line":137,"loc":{"start":{"line":137,"column":22},"end":{"line":137,"column":42}}}},"statementMap":{"1":{"start":{"line":1,"column":0},"end":{"line":1,"column":34}},"2":{"start":{"line":3,"column":0},"end":{"line":223,"column":1}},"3":{"start":{"line":4,"column":4},"end":{"line":6,"column":14}},"4":{"start":{"line":8,"column":4},"end":{"line":11,"column":44}},"5":{"start":{"line":13,"column":4},"end":{"line":15,"column":5}},"6":{"start":{"line":14,"column":8},"end":{"line":14,"column":60}},"7":{"start":{"line":17,"column":4},"end":{"line":26,"column":5}},"8":{"start":{"line":18,"column":8},"end":{"line":18,"column":32}},"9":{"start":{"line":19,"column":8},"end":{"line":19,"column":34}},"10":{"start":{"line":20,"column":8},"end":{"line":25,"column":11}},"11":{"start":{"line":28,"column":4},"end":{"line":37,"column":5}},"12":{"start":{"line":29,"column":8},"end":{"line":36,"column":9}},"13":{"start":{"line":39,"column":4},"end":{"line":66,"column":5}},"14":{"start":{"line":40,"column":8},"end":{"line":40,"column":22}},"15":{"start":{"line":41,"column":8},"end":{"line":47,"column":9}},"16":{"start":{"line":42,"column":12},"end":{"line":42,"column":41}},"17":{"start":{"line":46,"column":12},"end":{"line":46,"column":87}},"18":{"start":{"line":50,"column":8},"end":{"line":50,"column":29}},"19":{"start":{"line":53,"column":8},"end":{"line":60,"column":9}},"20":{"start":{"line":54,"column":12},"end":{"line":54,"column":55}},"21":{"start":{"line":55,"column":12},"end":{"line":55,"column":22}},"22":{"start":{"line":56,"column":12},"end":{"line":56,"column":21}},"23":{"start":{"line":58,"column":12},"end":{"line":58,"column":38}},"24":{"start":{"line":59,"column":12},"end":{"line":59,"column":39}},"25":{"start":{"line":62,"column":8},"end":{"line":65,"column":9}},"26":{"start":{"line":68,"column":4},"end":{"line":70,"column":5}},"27":{"start":{"line":69,"column":8},"end":{"line":69,"column":96}},"28":{"start":{"line":72,"column":4},"end":{"line":85,"column":5}},"29":{"start":{"line":73,"column":8},"end":{"line":73,"column":82}},"30":{"start":{"line":75,"column":8},"end":{"line":77,"column":9}},"31":{"start":{"line":76,"column":12},"end":{"line":76,"column":32}},"32":{"start":{"line":78,"column":8},"end":{"line":80,"column":9}},"33":{"start":{"line":79,"column":12},"end":{"line":79,"column":31}},"34":{"start":{"line":81,"column":8},"end":{"line":83,"column":9}},"35":{"start":{"line":82,"column":12},"end":{"line":82,"column":32}},"36":{"start":{"line":84,"column":8},"end":{"line":84,"column":19}},"37":{"start":{"line":87,"column":4},"end":{"line":100,"column":5}},"38":{"start":{"line":88,"column":8},"end":{"line":88,"column":63}},"39":{"start":{"line":89,"column":8},"end":{"line":91,"column":9}},"40":{"start":{"line":90,"column":12},"end":{"line":90,"column":63}},"41":{"start":{"line":93,"column":8},"end":{"line":93,"column":69}},"42":{"start":{"line":94,"column":8},"end":{"line":94,"column":72}},"43":{"start":{"line":95,"column":8},"end":{"line":97,"column":9}},"44":{"start":{"line":96,"column":12},"end":{"line":96,"column":106}},"45":{"start":{"line":99,"column":8},"end":{"line":99,"column":21}},"46":{"start":{"line":102,"column":4},"end":{"line":222,"column":6}},"47":{"start":{"line":125,"column":20},"end":{"line":128,"column":21}},"48":{"start":{"line":126,"column":24},"end":{"line":126,"column":41}},"49":{"start":{"line":127,"column":24},"end":{"line":127,"column":31}},"50":{"start":{"line":130,"column":20},"end":{"line":135,"column":22}},"51":{"start":{"line":131,"column":24},"end":{"line":134,"column":25}},"52":{"start":{"line":132,"column":28},"end":{"line":132,"column":45}},"53":{"start":{"line":133,"column":28},"end":{"line":133,"column":41}},"54":{"start":{"line":138,"column":20},"end":{"line":140,"column":21}},"55":{"start":{"line":139,"column":24},"end":{"line":139,"column":31}},"56":{"start":{"line":141,"column":20},"end":{"line":141,"column":54}},"57":{"start":{"line":143,"column":20},"end":{"line":149,"column":21}},"58":{"start":{"line":151,"column":20},"end":{"line":194,"column":23}},"59":{"start":{"line":158,"column":24},"end":{"line":193,"column":25}},"60":{"start":{"line":159,"column":28},"end":{"line":162,"column":59}},"61":{"start":{"line":163,"column":28},"end":{"line":165,"column":29}},"62":{"start":{"line":164,"column":32},"end":{"line":164,"column":49}},"63":{"start":{"line":166,"column":28},"end":{"line":169,"column":29}},"64":{"start":{"line":168,"column":32},"end":{"line":168,"column":47}},"65":{"start":{"line":176,"column":29},"end":{"line":193,"column":25}},"66":{"start":{"line":177,"column":28},"end":{"line":179,"column":29}},"67":{"start":{"line":178,"column":32},"end":{"line":178,"column":91}},"68":{"start":{"line":181,"column":28},"end":{"line":186,"column":29}},"69":{"start":{"line":182,"column":32},"end":{"line":182,"column":54}},"70":{"start":{"line":183,"column":32},"end":{"line":185,"column":34}},"71":{"start":{"line":184,"column":36},"end":{"line":184,"column":88}},"72":{"start":{"line":192,"column":28},"end":{"line":192,"column":53}},"73":{"start":{"line":196,"column":20},"end":{"line":218,"column":21}},"74":{"start":{"line":197,"column":24},"end":{"line":199,"column":25}},"75":{"start":{"line":198,"column":28},"end":{"line":198,"column":57}},"76":{"start":{"line":201,"column":24},"end":{"line":203,"column":25}},"77":{"start":{"line":202,"column":28},"end":{"line":202,"column":88}},"78":{"start":{"line":205,"column":24},"end":{"line":207,"column":25}},"79":{"start":{"line":206,"column":28},"end":{"line":206,"column":59}},"80":{"start":{"line":209,"column":24},"end":{"line":209,"column":74}},"81":{"start":{"line":214,"column":24},"end":{"line":216,"column":25}},"82":{"start":{"line":215,"column":28},"end":{"line":215,"column":56}},"83":{"start":{"line":217,"column":24},"end":{"line":217,"column":63}}},"branchMap":{"1":{"line":41,"type":"if","locations":[{"start":{"line":41,"column":8},"end":{"line":41,"column":8}},{"start":{"line":41,"column":8},"end":{"line":41,"column":8}}]},"2":{"line":53,"type":"if","locations":[{"start":{"line":53,"column":8},"end":{"line":53,"column":8}},{"start":{"line":53,"column":8},"end":{"line":53,"column":8}}]},"3":{"line":69,"type":"binary-expr","locations":[{"start":{"line":69,"column":15},"end":{"line":69,"column":54}},{"start":{"line":69,"column":58},"end":{"line":69,"column":95}}]},"4":{"line":75,"type":"if","locations":[{"start":{"line":75,"column":8},"end":{"line":75,"column":8}},{"start":{"line":75,"column":8},"end":{"line":75,"column":8}}]},"5":{"line":78,"type":"if","locations":[{"start":{"line":78,"column":8},"end":{"line":78,"column":8}},{"start":{"line":78,"column":8},"end":{"line":78,"column":8}}]},"6":{"line":81,"type":"if","locations":[{"start":{"line":81,"column":8},"end":{"line":81,"column":8}},{"start":{"line":81,"column":8},"end":{"line":81,"column":8}}]},"7":{"line":89,"type":"if","locations":[{"start":{"line":89,"column":8},"end":{"line":89,"column":8}},{"start":{"line":89,"column":8},"end":{"line":89,"column":8}}]},"8":{"line":95,"type":"if","locations":[{"start":{"line":95,"column":8},"end":{"line":95,"column":8}},{"start":{"line":95,"column":8},"end":{"line":95,"column":8}}]},"9":{"line":95,"type":"binary-expr","locations":[{"start":{"line":95,"column":11},"end":{"line":95,"column":20}},{"start":{"line":95,"column":24},"end":{"line":95,"column":34}}]},"10":{"line":96,"type":"binary-expr","locations":[{"start":{"line":96,"column":19},"end":{"line":96,"column":58}},{"start":{"line":96,"column":62},"end":{"line":96,"column":105}}]},"11":{"line":125,"type":"if","locations":[{"start":{"line":125,"column":20},"end":{"line":125,"column":20}},{"start":{"line":125,"column":20},"end":{"line":125,"column":20}}]},"12":{"line":131,"type":"if","locations":[{"start":{"line":131,"column":24},"end":{"line":131,"column":24}},{"start":{"line":131,"column":24},"end":{"line":131,"column":24}}]},"13":{"line":138,"type":"if","locations":[{"start":{"line":138,"column":20},"end":{"line":138,"column":20}},{"start":{"line":138,"column":20},"end":{"line":138,"column":20}}]},"14":{"line":158,"type":"if","locations":[{"start":{"line":158,"column":24},"end":{"line":158,"column":24}},{"start":{"line":158,"column":24},"end":{"line":158,"column":24}}]},"15":{"line":163,"type":"if","locations":[{"start":{"line":163,"column":28},"end":{"line":163,"column":28}},{"start":{"line":163,"column":28},"end":{"line":163,"column":28}}]},"16":{"line":166,"type":"if","locations":[{"start":{"line":166,"column":28},"end":{"line":166,"column":28}},{"start":{"line":166,"column":28},"end":{"line":166,"column":28}}]},"17":{"line":176,"type":"if","locations":[{"start":{"line":176,"column":29},"end":{"line":176,"column":29}},{"start":{"line":176,"column":29},"end":{"line":176,"column":29}}]},"18":{"line":177,"type":"if","locations":[{"start":{"line":177,"column":28},"end":{"line":177,"column":28}},{"start":{"line":177,"column":28},"end":{"line":177,"column":28}}]},"19":{"line":181,"type":"if","locations":[{"start":{"line":181,"column":28},"end":{"line":181,"column":28}},{"start":{"line":181,"column":28},"end":{"line":181,"column":28}}]},"20":{"line":196,"type":"if","locations":[{"start":{"line":196,"column":20},"end":{"line":196,"column":20}},{"start":{"line":196,"column":20},"end":{"line":196,"column":20}}]},"21":{"line":196,"type":"binary-expr","locations":[{"start":{"line":196,"column":23},"end":{"line":196,"column":39}},{"start":{"line":196,"column":43},"end":{"line":196,"column":58}},{"start":{"line":196,"column":62},"end":{"line":196,"column":81}}]},"22":{"line":197,"type":"if","locations":[{"start":{"line":197,"column":24},"end":{"line":197,"column":24}},{"start":{"line":197,"column":24},"end":{"line":197,"column":24}}]},"23":{"line":201,"type":"if","locations":[{"start":{"line":201,"column":24},"end":{"line":201,"column":24}},{"start":{"line":201,"column":24},"end":{"line":201,"column":24}}]},"24":{"line":205,"type":"if","locations":[{"start":{"line":205,"column":24},"end":{"line":205,"column":24}},{"start":{"line":205,"column":24},"end":{"line":205,"column":24}}]}}}}