{"/Users/caoy/Documents/project/my-npm/babel-plugin-transform-es2015-modules-nej/index.js":{"path":"/Users/caoy/Documents/project/my-npm/babel-plugin-transform-es2015-modules-nej/index.js","s":{"1":1,"2":1,"3":1,"4":1,"5":1,"6":1,"7":0,"8":0,"9":0,"10":1,"11":2,"12":1,"13":8,"14":8,"15":1,"16":7,"17":8,"18":8,"19":0,"20":0,"21":0,"22":8,"23":8,"24":8,"25":1,"26":4,"27":1,"28":8,"29":8,"30":3,"31":8,"32":1,"33":8,"34":1,"35":4,"36":4,"37":0,"38":0,"39":0,"40":0,"41":0,"42":0,"43":0,"44":0,"45":0,"46":0,"47":0,"48":0,"49":0,"50":0,"51":0,"52":0,"53":4,"54":0,"55":4,"56":4,"57":4,"58":12,"59":8,"60":8,"61":7,"62":8,"63":8,"64":4,"65":1,"66":1,"67":1,"68":0,"69":0,"70":0,"71":3,"72":4,"73":2,"74":0,"75":2,"76":0,"77":2,"78":1,"79":2,"80":2,"81":9,"82":2},"b":{"1":[1,7],"2":[0,8],"3":[4,3],"4":[3,5],"5":[1,7],"6":[4,0],"7":[0,0],"8":[0,0],"9":[0,0],"10":[0,0],"11":[0,0],"12":[0,0],"13":[0,4],"14":[8,4],"15":[7,1],"16":[8,0],"17":[1,3],"18":[1,0],"19":[0,1],"20":[2,2],"21":[4,3],"22":[0,2],"23":[0,2],"24":[1,1]},"f":{"1":1,"2":1,"3":0,"4":2,"5":8,"6":4,"7":8,"8":4,"9":4},"fnMap":{"1":{"name":"(anonymous_1)","line":1,"loc":{"start":{"line":1,"column":17},"end":{"line":1,"column":34}}},"2":{"name":"(anonymous_2)","line":11,"loc":{"start":{"line":11,"column":19},"end":{"line":11,"column":42}}},"3":{"name":"(anonymous_3)","line":15,"loc":{"start":{"line":15,"column":16},"end":{"line":15,"column":37}}},"4":{"name":"(anonymous_4)","line":26,"loc":{"start":{"line":26,"column":19},"end":{"line":26,"column":52}}},"5":{"name":"(anonymous_5)","line":37,"loc":{"start":{"line":37,"column":22},"end":{"line":37,"column":43}}},"6":{"name":"(anonymous_6)","line":66,"loc":{"start":{"line":66,"column":15},"end":{"line":66,"column":36}}},"7":{"name":"(anonymous_7)","line":70,"loc":{"start":{"line":70,"column":16},"end":{"line":70,"column":31}}},"8":{"name":"enter","line":86,"loc":{"start":{"line":86,"column":23},"end":{"line":86,"column":44}}},"9":{"name":"exit","line":115,"loc":{"start":{"line":115,"column":22},"end":{"line":115,"column":42}}}},"statementMap":{"1":{"start":{"line":1,"column":0},"end":{"line":201,"column":1}},"2":{"start":{"line":2,"column":4},"end":{"line":4,"column":14}},"3":{"start":{"line":6,"column":4},"end":{"line":9,"column":44}},"4":{"start":{"line":11,"column":4},"end":{"line":13,"column":5}},"5":{"start":{"line":12,"column":8},"end":{"line":12,"column":60}},"6":{"start":{"line":15,"column":4},"end":{"line":24,"column":5}},"7":{"start":{"line":16,"column":8},"end":{"line":16,"column":32}},"8":{"start":{"line":17,"column":8},"end":{"line":17,"column":34}},"9":{"start":{"line":18,"column":8},"end":{"line":23,"column":11}},"10":{"start":{"line":26,"column":4},"end":{"line":35,"column":5}},"11":{"start":{"line":27,"column":8},"end":{"line":34,"column":9}},"12":{"start":{"line":37,"column":4},"end":{"line":64,"column":5}},"13":{"start":{"line":38,"column":8},"end":{"line":38,"column":22}},"14":{"start":{"line":39,"column":8},"end":{"line":45,"column":9}},"15":{"start":{"line":40,"column":12},"end":{"line":40,"column":41}},"16":{"start":{"line":44,"column":12},"end":{"line":44,"column":87}},"17":{"start":{"line":48,"column":8},"end":{"line":48,"column":29}},"18":{"start":{"line":51,"column":8},"end":{"line":58,"column":9}},"19":{"start":{"line":52,"column":12},"end":{"line":52,"column":55}},"20":{"start":{"line":53,"column":12},"end":{"line":53,"column":22}},"21":{"start":{"line":54,"column":12},"end":{"line":54,"column":21}},"22":{"start":{"line":56,"column":12},"end":{"line":56,"column":38}},"23":{"start":{"line":57,"column":12},"end":{"line":57,"column":39}},"24":{"start":{"line":60,"column":8},"end":{"line":63,"column":9}},"25":{"start":{"line":66,"column":4},"end":{"line":68,"column":5}},"26":{"start":{"line":67,"column":8},"end":{"line":67,"column":96}},"27":{"start":{"line":70,"column":4},"end":{"line":80,"column":5}},"28":{"start":{"line":71,"column":8},"end":{"line":71,"column":71}},"29":{"start":{"line":73,"column":8},"end":{"line":75,"column":9}},"30":{"start":{"line":74,"column":12},"end":{"line":74,"column":32}},"31":{"start":{"line":76,"column":8},"end":{"line":78,"column":9}},"32":{"start":{"line":77,"column":12},"end":{"line":77,"column":32}},"33":{"start":{"line":79,"column":8},"end":{"line":79,"column":19}},"34":{"start":{"line":83,"column":4},"end":{"line":200,"column":6}},"35":{"start":{"line":88,"column":20},"end":{"line":88,"column":63}},"36":{"start":{"line":88,"column":50},"end":{"line":88,"column":63}},"37":{"start":{"line":90,"column":20},"end":{"line":90,"column":53}},"38":{"start":{"line":91,"column":20},"end":{"line":91,"column":56}},"39":{"start":{"line":91,"column":43},"end":{"line":91,"column":56}},"40":{"start":{"line":93,"column":20},"end":{"line":93,"column":38}},"41":{"start":{"line":94,"column":20},"end":{"line":94,"column":61}},"42":{"start":{"line":94,"column":48},"end":{"line":94,"column":61}},"43":{"start":{"line":98,"column":20},"end":{"line":98,"column":57}},"44":{"start":{"line":98,"column":44},"end":{"line":98,"column":57}},"45":{"start":{"line":101,"column":20},"end":{"line":106,"column":34}},"46":{"start":{"line":102,"column":24},"end":{"line":105,"column":25}},"47":{"start":{"line":103,"column":28},"end":{"line":103,"column":45}},"48":{"start":{"line":104,"column":28},"end":{"line":104,"column":35}},"49":{"start":{"line":108,"column":20},"end":{"line":113,"column":34}},"50":{"start":{"line":109,"column":24},"end":{"line":112,"column":25}},"51":{"start":{"line":110,"column":28},"end":{"line":110,"column":45}},"52":{"start":{"line":111,"column":28},"end":{"line":111,"column":35}},"53":{"start":{"line":116,"column":20},"end":{"line":118,"column":21}},"54":{"start":{"line":117,"column":24},"end":{"line":117,"column":31}},"55":{"start":{"line":119,"column":20},"end":{"line":119,"column":54}},"56":{"start":{"line":121,"column":20},"end":{"line":127,"column":21}},"57":{"start":{"line":129,"column":20},"end":{"line":172,"column":23}},"58":{"start":{"line":136,"column":24},"end":{"line":171,"column":25}},"59":{"start":{"line":137,"column":28},"end":{"line":140,"column":59}},"60":{"start":{"line":141,"column":28},"end":{"line":143,"column":29}},"61":{"start":{"line":142,"column":32},"end":{"line":142,"column":49}},"62":{"start":{"line":144,"column":28},"end":{"line":147,"column":29}},"63":{"start":{"line":146,"column":32},"end":{"line":146,"column":47}},"64":{"start":{"line":154,"column":29},"end":{"line":171,"column":25}},"65":{"start":{"line":155,"column":28},"end":{"line":157,"column":29}},"66":{"start":{"line":156,"column":32},"end":{"line":156,"column":91}},"67":{"start":{"line":159,"column":28},"end":{"line":164,"column":29}},"68":{"start":{"line":160,"column":32},"end":{"line":160,"column":54}},"69":{"start":{"line":161,"column":32},"end":{"line":163,"column":34}},"70":{"start":{"line":162,"column":36},"end":{"line":162,"column":88}},"71":{"start":{"line":170,"column":28},"end":{"line":170,"column":53}},"72":{"start":{"line":174,"column":20},"end":{"line":196,"column":21}},"73":{"start":{"line":175,"column":24},"end":{"line":177,"column":25}},"74":{"start":{"line":176,"column":28},"end":{"line":176,"column":57}},"75":{"start":{"line":179,"column":24},"end":{"line":181,"column":25}},"76":{"start":{"line":180,"column":28},"end":{"line":180,"column":88}},"77":{"start":{"line":183,"column":24},"end":{"line":185,"column":25}},"78":{"start":{"line":184,"column":28},"end":{"line":184,"column":59}},"79":{"start":{"line":187,"column":24},"end":{"line":187,"column":74}},"80":{"start":{"line":192,"column":24},"end":{"line":194,"column":25}},"81":{"start":{"line":193,"column":28},"end":{"line":193,"column":56}},"82":{"start":{"line":195,"column":24},"end":{"line":195,"column":63}}},"branchMap":{"1":{"line":39,"type":"if","locations":[{"start":{"line":39,"column":8},"end":{"line":39,"column":8}},{"start":{"line":39,"column":8},"end":{"line":39,"column":8}}]},"2":{"line":51,"type":"if","locations":[{"start":{"line":51,"column":8},"end":{"line":51,"column":8}},{"start":{"line":51,"column":8},"end":{"line":51,"column":8}}]},"3":{"line":67,"type":"binary-expr","locations":[{"start":{"line":67,"column":15},"end":{"line":67,"column":54}},{"start":{"line":67,"column":58},"end":{"line":67,"column":95}}]},"4":{"line":73,"type":"if","locations":[{"start":{"line":73,"column":8},"end":{"line":73,"column":8}},{"start":{"line":73,"column":8},"end":{"line":73,"column":8}}]},"5":{"line":76,"type":"if","locations":[{"start":{"line":76,"column":8},"end":{"line":76,"column":8}},{"start":{"line":76,"column":8},"end":{"line":76,"column":8}}]},"6":{"line":88,"type":"if","locations":[{"start":{"line":88,"column":20},"end":{"line":88,"column":20}},{"start":{"line":88,"column":20},"end":{"line":88,"column":20}}]},"7":{"line":91,"type":"if","locations":[{"start":{"line":91,"column":20},"end":{"line":91,"column":20}},{"start":{"line":91,"column":20},"end":{"line":91,"column":20}}]},"8":{"line":94,"type":"if","locations":[{"start":{"line":94,"column":20},"end":{"line":94,"column":20}},{"start":{"line":94,"column":20},"end":{"line":94,"column":20}}]},"9":{"line":98,"type":"if","locations":[{"start":{"line":98,"column":20},"end":{"line":98,"column":20}},{"start":{"line":98,"column":20},"end":{"line":98,"column":20}}]},"10":{"line":102,"type":"if","locations":[{"start":{"line":102,"column":24},"end":{"line":102,"column":24}},{"start":{"line":102,"column":24},"end":{"line":102,"column":24}}]},"11":{"line":109,"type":"if","locations":[{"start":{"line":109,"column":24},"end":{"line":109,"column":24}},{"start":{"line":109,"column":24},"end":{"line":109,"column":24}}]},"12":{"line":109,"type":"binary-expr","locations":[{"start":{"line":109,"column":28},"end":{"line":109,"column":105}},{"start":{"line":109,"column":109},"end":{"line":109,"column":171}}]},"13":{"line":116,"type":"if","locations":[{"start":{"line":116,"column":20},"end":{"line":116,"column":20}},{"start":{"line":116,"column":20},"end":{"line":116,"column":20}}]},"14":{"line":136,"type":"if","locations":[{"start":{"line":136,"column":24},"end":{"line":136,"column":24}},{"start":{"line":136,"column":24},"end":{"line":136,"column":24}}]},"15":{"line":141,"type":"if","locations":[{"start":{"line":141,"column":28},"end":{"line":141,"column":28}},{"start":{"line":141,"column":28},"end":{"line":141,"column":28}}]},"16":{"line":144,"type":"if","locations":[{"start":{"line":144,"column":28},"end":{"line":144,"column":28}},{"start":{"line":144,"column":28},"end":{"line":144,"column":28}}]},"17":{"line":154,"type":"if","locations":[{"start":{"line":154,"column":29},"end":{"line":154,"column":29}},{"start":{"line":154,"column":29},"end":{"line":154,"column":29}}]},"18":{"line":155,"type":"if","locations":[{"start":{"line":155,"column":28},"end":{"line":155,"column":28}},{"start":{"line":155,"column":28},"end":{"line":155,"column":28}}]},"19":{"line":159,"type":"if","locations":[{"start":{"line":159,"column":28},"end":{"line":159,"column":28}},{"start":{"line":159,"column":28},"end":{"line":159,"column":28}}]},"20":{"line":174,"type":"if","locations":[{"start":{"line":174,"column":20},"end":{"line":174,"column":20}},{"start":{"line":174,"column":20},"end":{"line":174,"column":20}}]},"21":{"line":174,"type":"binary-expr","locations":[{"start":{"line":174,"column":23},"end":{"line":174,"column":39}},{"start":{"line":174,"column":43},"end":{"line":174,"column":58}}]},"22":{"line":175,"type":"if","locations":[{"start":{"line":175,"column":24},"end":{"line":175,"column":24}},{"start":{"line":175,"column":24},"end":{"line":175,"column":24}}]},"23":{"line":179,"type":"if","locations":[{"start":{"line":179,"column":24},"end":{"line":179,"column":24}},{"start":{"line":179,"column":24},"end":{"line":179,"column":24}}]},"24":{"line":183,"type":"if","locations":[{"start":{"line":183,"column":24},"end":{"line":183,"column":24}},{"start":{"line":183,"column":24},"end":{"line":183,"column":24}}]}}}}