TN:
SF:/Users/caoy/Documents/project/my-npm/babel-plugin-transform-es2015-modules-nej/index.js
FN:1,(anonymous_1)
FN:11,(anonymous_2)
FN:15,(anonymous_3)
FN:26,(anonymous_4)
FN:37,(anonymous_5)
FN:66,(anonymous_6)
FN:70,(anonymous_7)
FN:86,enter
FN:115,exit
FNF:9
FNH:8
FNDA:1,(anonymous_1)
FNDA:1,(anonymous_2)
FNDA:0,(anonymous_3)
FNDA:2,(anonymous_4)
FNDA:8,(anonymous_5)
FNDA:4,(anonymous_6)
FNDA:8,(anonymous_7)
FNDA:4,enter
FNDA:4,exit
DA:1,1
DA:2,1
DA:6,1
DA:11,1
DA:12,1
DA:15,1
DA:16,0
DA:17,0
DA:18,0
DA:26,1
DA:27,2
DA:37,1
DA:38,8
DA:39,8
DA:40,1
DA:44,7
DA:48,8
DA:51,8
DA:52,0
DA:53,0
DA:54,0
DA:56,8
DA:57,8
DA:60,8
DA:66,1
DA:67,4
DA:70,1
DA:71,8
DA:73,8
DA:74,3
DA:76,8
DA:77,1
DA:79,8
DA:83,1
DA:88,4
DA:90,0
DA:91,0
DA:93,0
DA:94,0
DA:98,0
DA:101,0
DA:102,0
DA:103,0
DA:104,0
DA:108,0
DA:109,0
DA:110,0
DA:111,0
DA:116,4
DA:117,0
DA:119,4
DA:121,4
DA:129,4
DA:136,12
DA:137,8
DA:141,8
DA:142,7
DA:144,8
DA:146,8
DA:154,4
DA:155,1
DA:156,1
DA:159,1
DA:160,0
DA:161,0
DA:162,0
DA:170,3
DA:174,4
DA:175,2
DA:176,0
DA:179,2
DA:180,0
DA:183,2
DA:184,1
DA:187,2
DA:192,2
DA:193,9
DA:195,2
LF:78
LH:53
BRDA:39,1,0,1
BRDA:39,1,1,7
BRDA:51,2,0,0
BRDA:51,2,1,8
BRDA:67,3,0,4
BRDA:67,3,1,3
BRDA:73,4,0,3
BRDA:73,4,1,5
BRDA:76,5,0,1
BRDA:76,5,1,7
BRDA:88,6,0,4
BRDA:88,6,1,0
BRDA:91,7,0,0
BRDA:91,7,1,0
BRDA:94,8,0,0
BRDA:94,8,1,0
BRDA:98,9,0,0
BRDA:98,9,1,0
BRDA:102,10,0,0
BRDA:102,10,1,0
BRDA:109,11,0,0
BRDA:109,11,1,0
BRDA:109,12,0,0
BRDA:109,12,1,0
BRDA:116,13,0,0
BRDA:116,13,1,4
BRDA:136,14,0,8
BRDA:136,14,1,4
BRDA:141,15,0,7
BRDA:141,15,1,1
BRDA:144,16,0,8
BRDA:144,16,1,0
BRDA:154,17,0,1
BRDA:154,17,1,3
BRDA:155,18,0,1
BRDA:155,18,1,0
BRDA:159,19,0,0
BRDA:159,19,1,1
BRDA:174,20,0,2
BRDA:174,20,1,2
BRDA:174,21,0,4
BRDA:174,21,1,3
BRDA:175,22,0,0
BRDA:175,22,1,2
BRDA:179,23,0,0
BRDA:179,23,1,2
BRDA:183,24,0,1
BRDA:183,24,1,1
BRF:48
BRH:28
end_of_record
