TN:
SF:/Users/caoy/Documents/project/my-npm/babel-plugin-transform-es2015-modules-nej/index.js
FN:3,(anonymous_1)
FN:13,(anonymous_2)
FN:17,(anonymous_3)
FN:28,(anonymous_4)
FN:39,(anonymous_5)
FN:68,(anonymous_6)
FN:72,(anonymous_7)
FN:84,(anonymous_8)
FN:102,enter
FN:134,exit
FNF:10
FNH:10
FNDA:1,(anonymous_1)
FNDA:1,(anonymous_2)
FNDA:2,(anonymous_3)
FNDA:3,(anonymous_4)
FNDA:8,(anonymous_5)
FNDA:2,(anonymous_6)
FNDA:8,(anonymous_7)
FNDA:13,(anonymous_8)
FNDA:5,enter
FNDA:5,exit
DA:1,1
DA:3,1
DA:4,1
DA:8,1
DA:13,1
DA:14,1
DA:17,1
DA:18,2
DA:19,2
DA:20,2
DA:28,1
DA:29,3
DA:39,1
DA:40,8
DA:41,8
DA:42,1
DA:46,7
DA:50,8
DA:53,8
DA:54,0
DA:55,0
DA:56,0
DA:58,8
DA:59,8
DA:62,8
DA:68,1
DA:69,2
DA:72,1
DA:73,8
DA:75,8
DA:76,3
DA:78,8
DA:79,1
DA:81,8
DA:84,1
DA:85,13
DA:86,13
DA:87,0
DA:90,13
DA:91,13
DA:92,13
DA:93,2
DA:96,11
DA:99,1
DA:122,5
DA:123,0
DA:124,0
DA:127,5
DA:128,13
DA:129,2
DA:130,2
DA:135,5
DA:136,2
DA:138,3
DA:140,3
DA:148,3
DA:155,10
DA:156,8
DA:160,8
DA:161,7
DA:163,8
DA:165,8
DA:173,2
DA:174,2
DA:175,1
DA:178,2
DA:179,1
DA:180,1
DA:181,2
DA:189,0
DA:193,3
DA:194,3
DA:195,1
DA:198,3
DA:199,0
DA:202,3
DA:203,1
DA:206,3
DA:211,3
DA:212,10
DA:214,3
LF:81
LH:73
BRDA:41,1,0,1
BRDA:41,1,1,7
BRDA:53,2,0,0
BRDA:53,2,1,8
BRDA:69,3,0,2
BRDA:69,3,1,1
BRDA:75,4,0,3
BRDA:75,4,1,5
BRDA:78,5,0,1
BRDA:78,5,1,7
BRDA:86,6,0,0
BRDA:86,6,1,13
BRDA:92,7,0,2
BRDA:92,7,1,11
BRDA:92,8,0,13
BRDA:92,8,1,2
BRDA:93,9,0,2
BRDA:93,9,1,2
BRDA:122,10,0,0
BRDA:122,10,1,5
BRDA:128,11,0,2
BRDA:128,11,1,11
BRDA:135,12,0,2
BRDA:135,12,1,3
BRDA:155,13,0,8
BRDA:155,13,1,2
BRDA:160,14,0,7
BRDA:160,14,1,1
BRDA:163,15,0,8
BRDA:163,15,1,0
BRDA:173,16,0,2
BRDA:173,16,1,0
BRDA:174,17,0,1
BRDA:174,17,1,1
BRDA:178,18,0,1
BRDA:178,18,1,1
BRDA:193,19,0,3
BRDA:193,19,1,0
BRDA:193,20,0,3
BRDA:193,20,1,2
BRDA:193,20,2,1
BRDA:194,21,0,1
BRDA:194,21,1,2
BRDA:198,22,0,0
BRDA:198,22,1,3
BRDA:202,23,0,1
BRDA:202,23,1,2
BRF:47
BRH:40
end_of_record
